STEP to UG
! INFO-     NX STEP AP203 - V11.0
! INFO-      
! INFO-     Start of Translation: 26-NOV-2023  4:15:50 PM
! INFO-      
! STATUS-   Converting Part: D:\机器人\3d建模课程\机械臂\C-BACA6900ZZ.STEP
! SUMMARY-   
! SUMMARY-    STEP Header Information
! SUMMARY-   
! SUMMARY-  Description      STEP AP203
! SUMMARY-  Imp_Level        1
! SUMMARY-  File_Name        C-BACA6900ZZ_203.STEP
! SUMMARY-  Date             2023-07-19T01:18:02
! SUMMARY-  Author           Unknown
! SUMMARY-  Organization     Unknown
! SUMMARY-  Pre_Version      SwSTEP 2.0
! SUMMARY-  Orig_System      SolidWorks 2021
! SUMMARY-  Authorization    Unknown
! SUMMARY-  Schema_ID        ap203_configuration_controlled_3d_design_of_mechanical_parts_and_assemblies_mim_lf
! SUMMARY-   
! SUMMARY-    Summary of STEP Entities
! SUMMARY-   
! SUMMARY-  Entity Type                                                   Count
! SUMMARY-  -----------                                                   ------
! SUMMARY-  advanced_brep_shape_representation .........................:      3
! SUMMARY-  advanced_face ..............................................:     82
! SUMMARY-  application_context ........................................:      8
! SUMMARY-  application_protocol_definition ............................:      8
! SUMMARY-  approval ...................................................:     15
! SUMMARY-  approval_date_time .........................................:     15
! SUMMARY-  approval_person_organization ...............................:     15
! SUMMARY-  approval_role ..............................................:     15
! SUMMARY-  approval_status ............................................:     15
! SUMMARY-  axis2_placement_3d .........................................:    202
! SUMMARY-  calendar_date ..............................................:     26
! SUMMARY-  cartesian_point ............................................:    391
! SUMMARY-  cc_design_approval .........................................:     15
! SUMMARY-  cc_design_date_and_time_assignment .........................:     11
! SUMMARY-  cc_design_person_and_organization_assignment ...............:     23
! SUMMARY-  cc_design_security_classification ..........................:      7
! SUMMARY-  circle .....................................................:    114
! SUMMARY-  closed_shell ...............................................:      3
! SUMMARY-  conical_surface ............................................:      8
! SUMMARY-  context_dependent_shape_representation .....................:      3
! SUMMARY-  coordinated_universal_time_offset ..........................:     26
! SUMMARY-  cylindrical_surface ........................................:     45
! SUMMARY-  date_and_time ..............................................:     26
! SUMMARY-  date_time_role .............................................:     11
! SUMMARY-  design_context .............................................:      4
! SUMMARY-  direction ..................................................:    475
! SUMMARY-  edge_curve .................................................:    185
! SUMMARY-  edge_loop ..................................................:    103
! SUMMARY-  face_bound .................................................:     21
! SUMMARY-  face_outer_bound ...........................................:     82
! SUMMARY-  geometric_representation_context_and_global_uncertainty_a ..:      4
! SUMMARY-  item_defined_transformation ................................:      3
! SUMMARY-  length_unit_and_si_unit ....................................:      4
! SUMMARY-  line .......................................................:     71
! SUMMARY-  local_time .................................................:     26
! SUMMARY-  manifold_solid_brep ........................................:      3
! SUMMARY-  mechanical_context .........................................:      4
! SUMMARY-  next_assembly_usage_occurrence .............................:      3
! SUMMARY-  organization ...............................................:      4
! SUMMARY-  oriented_edge ..............................................:    370
! SUMMARY-  person .....................................................:      4
! SUMMARY-  person_and_organization ....................................:     35
! SUMMARY-  person_and_organization_role ...............................:     23
! SUMMARY-  plane ......................................................:     21
! SUMMARY-  plane_angle_unit_and_si_unit ...............................:      4
! SUMMARY-  product ....................................................:      4
! SUMMARY-  product_definition .........................................:      4
! SUMMARY-  product_definition_formation_with_specified_source .........:      4
! SUMMARY-  product_definition_shape ...................................:      7
! SUMMARY-  product_related_product_category ...........................:      4
! SUMMARY-  representation_relationship_with_transformation_and_shape ..:      3
! SUMMARY-  security_classification ....................................:      7
! SUMMARY-  security_classification_level ..............................:      7
! SUMMARY-  shape_definition_representation ............................:      4
! SUMMARY-  shape_representation .......................................:      4
! SUMMARY-  shape_representation_relationship ..........................:      3
! SUMMARY-  si_unit_and_solid_angle_unit ...............................:      4
! SUMMARY-  toroidal_surface ...........................................:      8
! SUMMARY-  uncertainty_measure_with_unit ..............................:      4
! SUMMARY-  vector .....................................................:     71
! SUMMARY-  vertex_point ...............................................:    118
! SUMMARY-                                                               -------
! SUMMARY-  Total                                                           2792
! STATUS-    
! STATUS-   Converting to Output Form (Phase 2 of 3): 26-NOV-2023 4:15:50 PM
! STATUS-    
! INFO-     CV0305 The entities referenced by a context_dependant_shape_rep are
! INFO-       not coded as to STEP Part 43 requirements.  The references to the
! INFO-       component and assembly pieces is out of order.  We will attempt
! INFO-       to correct this with the given data.  This problem should be
! INFO-       reported to the translator vendor whose product generated this
! INFO-       STEP file.  If we are unable to rectify this problem the
! INFO-       components may be positioned incorrectly.
! INFO-      
! STATUS-    
! STATUS-   Generating UG geometry and placing them in parts
! STATUS-    
! STATUS-   Creating the UG part (Phase 3 of 3): 26-NOV-2023  4:15:50 PM
! STATUS-    
! STATUS-   Creating UG solid body from Input Ent Id 2356
! STATUS-    
! STATUS-   simplifying Bsplines to analytics
! STATUS-    
! STATUS-   converting tolerant edges into exact edges
! STATUS-    
! STATUS-   doing final check of body to report any faults
! STATUS-    
! INFO-     Filing Part ..: D:\机器人\3d建模课程\机械臂\C-BACA6900ZZ_h
! SUMMARY-   
! SUMMARY-  Summary of Unigraphics Part Entities
! SUMMARY-   
! SUMMARY-  Entities Processed             Count
! SUMMARY-  ------------------             -----
! SUMMARY-  Solid .......................:     1
! SUMMARY-                                 -----
! SUMMARY-  Total                              1
! STATUS-   Creating the UG part (Phase 3 of 3): 26-NOV-2023  4:15:50 PM
! STATUS-    
! STATUS-   Creating UG solid body from Input Ent Id 1436
! STATUS-    
! STATUS-   simplifying Bsplines to analytics
! STATUS-    
! STATUS-   converting tolerant edges into exact edges
! STATUS-    
! STATUS-   doing final check of body to report any faults
! STATUS-    
! INFO-     Filing Part ..: D:\机器人\3d建模课程\机械臂\RRING-C-INT-222764
! SUMMARY-   
! SUMMARY-  Summary of Unigraphics Part Entities
! SUMMARY-   
! SUMMARY-  Entities Processed             Count
! SUMMARY-  ------------------             -----
! SUMMARY-  Solid .......................:     1
! SUMMARY-                                 -----
! SUMMARY-  Total                              1
! STATUS-   Creating the UG part (Phase 3 of 3): 26-NOV-2023  4:15:51 PM
! STATUS-    
! STATUS-   Creating UG solid body from Input Ent Id 1449
! STATUS-    
! STATUS-   simplifying Bsplines to analytics
! STATUS-    
! STATUS-   converting tolerant edges into exact edges
! STATUS-    
! STATUS-   doing final check of body to report any faults
! STATUS-    
! INFO-     Filing Part ..: D:\机器人\3d建模课程\机械臂\bearing_69002372
! SUMMARY-   
! SUMMARY-  Summary of Unigraphics Part Entities
! SUMMARY-   
! SUMMARY-  Entities Processed             Count
! SUMMARY-  ------------------             -----
! SUMMARY-  Solid .......................:     1
! SUMMARY-                                 -----
! SUMMARY-  Total                              1
! STATUS-   Creating the UG part (Phase 3 of 3): 26-NOV-2023  4:15:51 PM
! INFO-     Filing Part ..: D:\机器人\3d建模课程\机械臂\C-BACA6900ZZ_step.prt
! SUMMARY-   
! SUMMARY-  Summary of Unigraphics Part Entities
! SUMMARY-   
! SUMMARY-  Entities Processed             Count
! SUMMARY-  ------------------             -----
! SUMMARY-  Component ...................:     3
! SUMMARY-                                 -----
! SUMMARY-  Total                              3
! INFO-      
! INFO-     Total number of solids input for this translation       :         3
! INFO-      
! INFO-     Number of solids created without body validation faults :         3
! INFO-      
! INFO-     Number of solids created with body validation fault(s)  :         0
! INFO-      
! INFO-     Number of solids ending up as sheet bodies              :         0
! INFO-      
! INFO-     End of Translation: 26-NOV-2023  4:15:51 PM
! INFO-      
